<?xml version="1.0" encoding="UTF-8"?>
<testng-results ignored="0" total="3" passed="3" failed="0" skipped="0">
  <reporter-output>
  </reporter-output>
  <suite started-at="2020-10-26T09:53:29 PET" name="All Test Suite" finished-at="2020-10-26T09:56:49 PET" duration-ms="199735">
    <groups>
    </groups>
    <test started-at="2020-10-26T09:53:29 PET" name="yelp_tests" finished-at="2020-10-26T09:56:49 PET" duration-ms="199735">
      <class name="YelpTests">
        <test-method signature="yelpFirstTest()[pri:0, instance:YelpTests@65a4798f]" started-at="2020-10-26T09:53:29 PET" name="yelpFirstTest" finished-at="2020-10-26T09:54:39 PET" duration-ms="69580" status="PASS">
          <reporter-output>
          </reporter-output>
        </test-method> <!-- yelpFirstTest -->
        <test-method signature="yelpSecondTest()[pri:0, instance:YelpTests@65a4798f]" started-at="2020-10-26T09:54:39 PET" name="yelpSecondTest" finished-at="2020-10-26T09:55:44 PET" duration-ms="64877" status="PASS">
          <reporter-output>
          </reporter-output>
        </test-method> <!-- yelpSecondTest -->
        <test-method signature="yelpThirdTest()[pri:0, instance:YelpTests@65a4798f]" started-at="2020-10-26T09:55:44 PET" name="yelpThirdTest" finished-at="2020-10-26T09:56:49 PET" duration-ms="65223" status="PASS">
          <reporter-output>
          </reporter-output>
        </test-method> <!-- yelpThirdTest -->
      </class> <!-- YelpTests -->
    </test> <!-- yelp_tests -->
  </suite> <!-- All Test Suite -->
</testng-results>
