<?xml version="1.0" encoding="UTF-8"?>
<testsuite xmlns:xsi="http://www.w3.org/2001/XMLSchema-instance" xsi:noNamespaceSchemaLocation="https://maven.apache.org/surefire/maven-surefire-plugin/xsd/surefire-test-report-3.0.xsd" version="3.0" name="TestSuite" time="203.314" tests="3" errors="0" skipped="0" failures="0">
  <properties>
[...]
</properties>
  <testcase name="yelpFirstTest" classname="YelpTests" time="69.587"/>
  <testcase name="yelpSecondTest" classname="YelpTests" time="64.876"/>
  <testcase name="yelpThirdTest" classname="YelpTests" time="65.219"/>
</testsuite>